current directory: /Users/randallrussell/code/East_Kin/vendor/bundle/ruby/3.2.0/gems/sqlite3-1.3.13/ext/sqlite3
/Users/randallrussell/.rbenv/versions/3.2.1/bin/ruby -I /Users/randallrussell/.rbenv/versions/3.2.1/lib/ruby/3.2.0 extconf.rb
checking for sqlite3.h... yes
checking for pthread_create() in -lpthread... yes
checking for sqlite3_libversion_number() in -lsqlite3... yes
checking for rb_proc_arity()... yes
checking for rb_integer_pack()... yes
checking for sqlite3_initialize()... yes
checking for sqlite3_backup_init()... yes
checking for sqlite3_column_database_name()... yes
checking for sqlite3_enable_load_extension()... yes
checking for sqlite3_load_extension()... yes
checking for sqlite3_open_v2()... yes
checking for sqlite3_prepare_v2()... yes
checking for sqlite3_int64 in sqlite3.h... yes
checking for sqlite3_uint64 in sqlite3.h... yes
creating Makefile

current directory: /Users/randallrussell/code/East_Kin/vendor/bundle/ruby/3.2.0/gems/sqlite3-1.3.13/ext/sqlite3
make DESTDIR\= sitearchdir\=./.gem.20230227-12466-onpm sitelibdir\=./.gem.20230227-12466-onpm clean

current directory: /Users/randallrussell/code/East_Kin/vendor/bundle/ruby/3.2.0/gems/sqlite3-1.3.13/ext/sqlite3
make DESTDIR\= sitearchdir\=./.gem.20230227-12466-onpm sitelibdir\=./.gem.20230227-12466-onpm
compiling backup.c
compiling database.c
database.c:60:3: error: implicit declaration of function 'rb_check_safe_obj' is invalid in C99 [-Werror,-Wimplicit-function-declaration]
  rb_check_safe_obj(file);
  ^
database.c:60:3: note: did you mean 'rb_check_safe_str'?
/Users/randallrussell/.rbenv/versions/3.2.1/include/ruby-3.2.0/ruby/internal/core/rstring.h:383:6: note: 'rb_check_safe_str' declared here
void rb_check_safe_str(VALUE);
     ^
database.c:201:18: warning: implicit conversion loses integer precision: 'long' to 'int' [-Wshorten-64-to-32]
  return INT2NUM((long)sqlite3_total_changes(ctx->db));
         ~~~~~~~ ^~~~~~~~~~~~~~~~~~~~~~~~~~~~~~~~~~~~
database.c:242:67: warning: implicit conversion loses integer precision: 'long' to 'int' [-Wshorten-64-to-32]
  VALUE result = rb_funcall(handle, rb_intern("call"), 1, INT2NUM((long)count));
                                                          ~~~~~~~ ^~~~~~~~~~~
database.c:310:14: error: implicit declaration of function 'rb_tainted_str_new2' is invalid in C99 [-Werror,-Wimplicit-function-declaration]
      return rb_tainted_str_new2((const char *)sqlite3_value_text(val));
             ^
database.c:320:14: error: implicit declaration of function 'rb_tainted_str_new' is invalid in C99 [-Werror,-Wimplicit-function-declaration]
      return rb_tainted_str_new((const char *)sqlite3_value_blob(val), len);
             ^
database.c:320:14: note: did you mean 'rb_tainted_str_new2'?
database.c:310:14: note: 'rb_tainted_str_new2' declared here
      return rb_tainted_str_new2((const char *)sqlite3_value_text(val));
             ^
database.c:552:18: warning: implicit conversion loses integer precision: 'long' to 'int' [-Wshorten-64-to-32]
  return INT2NUM((long)sqlite3_errcode(ctx->db));
         ~~~~~~~ ^~~~~~~~~~~~~~~~~~~~~~~~~~~~~~
3 warnings and 3 errors generated.
make: *** [database.o] Error 1

make failed, exit code 2
